{"uuid":"3d7e4043-7f1b-4223-87ad-4f11d65c86d1","historyId":"923760a0cc2092b83a3c9a502c42e519","fullName":"SearchFunctionalityTests.tc02_checkSearchWithFilters","labels":[{"name":"package","value":"SearchFunctionalityTests"},{"name":"testClass","value":"SearchFunctionalityTests"},{"name":"testMethod","value":"tc02_checkSearchWithFilters"},{"name":"parentSuite","value":"Default Suite"},{"name":"suite","value":"TeknosaUISeleniumTestAutomation"},{"name":"subSuite","value":"SearchFunctionalityTests"},{"name":"host","value":"LAPTOP-TRA36UL4"},{"name":"thread","value":"32684@LAPTOP-TRA36UL4.main(1)"},{"name":"framework","value":"testng"},{"name":"language","value":"java"},{"name":"feature","value":"Search Functionality Test Scenarios"}],"links":[],"name":"Product, Category, or Brand Search Control - Filter by Brand in Search Results","status":"failed","statusDetails":{"known":false,"muted":false,"flaky":false,"message":"Arama sonuç başlığı beklenen değerlerden biriyle eşleşmiyor expected [true] but found [false]","trace":"java.lang.AssertionError: Arama sonuç başlığı beklenen değerlerden biriyle eşleşmiyor expected [true] but found [false]\r\n\tat org.testng.Assert.fail(Assert.java:111)\r\n\tat org.testng.Assert.failNotEquals(Assert.java:1578)\r\n\tat org.testng.Assert.assertTrue(Assert.java:57)\r\n\tat Pages.MainPage.displaySearchResultTitle(MainPage.java:35)\r\n\tat SearchFunctionalityTests.tc02_checkSearchWithFilters(SearchFunctionalityTests.java:50)\r\n\tat java.base/jdk.internal.reflect.NativeMethodAccessorImpl.invoke0(Native Method)\r\n\tat java.base/jdk.internal.reflect.NativeMethodAccessorImpl.invoke(NativeMethodAccessorImpl.java:77)\r\n\tat java.base/jdk.internal.reflect.DelegatingMethodAccessorImpl.invoke(DelegatingMethodAccessorImpl.java:43)\r\n\tat java.base/java.lang.reflect.Method.invoke(Method.java:568)\r\n\tat org.testng.internal.invokers.MethodInvocationHelper.invokeMethod(MethodInvocationHelper.java:141)\r\n\tat org.testng.internal.invokers.TestInvoker.invokeMethod(TestInvoker.java:686)\r\n\tat org.testng.internal.invokers.TestInvoker.invokeTestMethod(TestInvoker.java:230)\r\n\tat org.testng.internal.invokers.MethodRunner.runInSequence(MethodRunner.java:63)\r\n\tat org.testng.internal.invokers.TestInvoker$MethodInvocationAgent.invoke(TestInvoker.java:992)\r\n\tat org.testng.internal.invokers.TestInvoker.invokeTestMethods(TestInvoker.java:203)\r\n\tat org.testng.internal.invokers.TestMethodWorker.invokeTestMethods(TestMethodWorker.java:154)\r\n\tat org.testng.internal.invokers.TestMethodWorker.run(TestMethodWorker.java:134)\r\n\tat java.base/java.util.ArrayList.forEach(ArrayList.java:1511)\r\n\tat org.testng.TestRunner.privateRun(TestRunner.java:739)\r\n\tat org.testng.TestRunner.run(TestRunner.java:614)\r\n\tat org.testng.SuiteRunner.runTest(SuiteRunner.java:421)\r\n\tat org.testng.SuiteRunner.runSequentially(SuiteRunner.java:413)\r\n\tat org.testng.SuiteRunner.privateRun(SuiteRunner.java:373)\r\n\tat org.testng.SuiteRunner.run(SuiteRunner.java:312)\r\n\tat org.testng.SuiteRunnerWorker.runSuite(SuiteRunnerWorker.java:52)\r\n\tat org.testng.SuiteRunnerWorker.run(SuiteRunnerWorker.java:95)\r\n\tat org.testng.TestNG.runSuitesSequentially(TestNG.java:1274)\r\n\tat org.testng.TestNG.runSuitesLocally(TestNG.java:1208)\r\n\tat org.testng.TestNG.runSuites(TestNG.java:1112)\r\n\tat org.testng.TestNG.run(TestNG.java:1079)\r\n\tat com.intellij.rt.testng.IDEARemoteTestNG.run(IDEARemoteTestNG.java:65)\r\n\tat com.intellij.rt.testng.RemoteTestNGStarter.main(RemoteTestNGStarter.java:105)\r\n"},"stage":"finished","steps":[{"name":"The email/phone number field is filled in.","status":"passed","stage":"finished","steps":[],"attachments":[],"parameters":[{"name":"value","value":"ecemnazgorusuk@gmail.com"}],"start":1724678372708,"stop":1724678372971},{"name":"Click on the 'Devam Et' button","status":"passed","stage":"finished","steps":[],"attachments":[],"parameters":[],"start":1724678372972,"stop":1724678373041},{"name":"The password field is filled in.","status":"passed","stage":"finished","steps":[],"attachments":[],"parameters":[{"name":"value","value":"Ecem12345"}],"start":1724678376043,"stop":1724678376091},{"name":"Click on the 'Giriş Yap' button","status":"passed","stage":"finished","steps":[],"attachments":[],"parameters":[],"start":1724678376091,"stop":1724678378353},{"name":"Clicking on the 'Daha Sonra Hatırlat' button","status":"passed","stage":"finished","steps":[],"attachments":[],"parameters":[],"start":1724678381366,"stop":1724678381430},{"name":"Check the text 'My Account","status":"passed","stage":"finished","steps":[],"attachments":[],"parameters":[],"start":1724678384436,"stop":1724678386937},{"name":"Enter the product, brand, or category to be searched into the search bar and click the button","status":"passed","stage":"finished","steps":[],"attachments":[],"parameters":[],"start":1724678389948,"stop":1724678390061},{"name":"Enter the product, brand, or category to be searched into the search bar","status":"passed","stage":"finished","steps":[],"attachments":[],"parameters":[{"name":"searchText","value":"klima"}],"start":1724678391066,"stop":1724678395698},{"name":"Display the title of the product searched in the search bar","status":"failed","statusDetails":{"known":false,"muted":false,"flaky":false,"message":"Arama sonuç başlığı beklenen değerlerden biriyle eşleşmiyor expected [true] but found [false]","trace":"java.lang.AssertionError: Arama sonuç başlığı beklenen değerlerden biriyle eşleşmiyor expected [true] but found [false]\r\n\tat org.testng.Assert.fail(Assert.java:111)\r\n\tat org.testng.Assert.failNotEquals(Assert.java:1578)\r\n\tat org.testng.Assert.assertTrue(Assert.java:57)\r\n\tat Pages.MainPage.displaySearchResultTitle(MainPage.java:35)\r\n\tat SearchFunctionalityTests.tc02_checkSearchWithFilters(SearchFunctionalityTests.java:50)\r\n\tat java.base/jdk.internal.reflect.NativeMethodAccessorImpl.invoke0(Native Method)\r\n\tat java.base/jdk.internal.reflect.NativeMethodAccessorImpl.invoke(NativeMethodAccessorImpl.java:77)\r\n\tat java.base/jdk.internal.reflect.DelegatingMethodAccessorImpl.invoke(DelegatingMethodAccessorImpl.java:43)\r\n\tat java.base/java.lang.reflect.Method.invoke(Method.java:568)\r\n\tat org.testng.internal.invokers.MethodInvocationHelper.invokeMethod(MethodInvocationHelper.java:141)\r\n\tat org.testng.internal.invokers.TestInvoker.invokeMethod(TestInvoker.java:686)\r\n\tat org.testng.internal.invokers.TestInvoker.invokeTestMethod(TestInvoker.java:230)\r\n\tat org.testng.internal.invokers.MethodRunner.runInSequence(MethodRunner.java:63)\r\n\tat org.testng.internal.invokers.TestInvoker$MethodInvocationAgent.invoke(TestInvoker.java:992)\r\n\tat org.testng.internal.invokers.TestInvoker.invokeTestMethods(TestInvoker.java:203)\r\n\tat org.testng.internal.invokers.TestMethodWorker.invokeTestMethods(TestMethodWorker.java:154)\r\n\tat org.testng.internal.invokers.TestMethodWorker.run(TestMethodWorker.java:134)\r\n\tat java.base/java.util.ArrayList.forEach(ArrayList.java:1511)\r\n\tat org.testng.TestRunner.privateRun(TestRunner.java:739)\r\n\tat org.testng.TestRunner.run(TestRunner.java:614)\r\n\tat org.testng.SuiteRunner.runTest(SuiteRunner.java:421)\r\n\tat org.testng.SuiteRunner.runSequentially(SuiteRunner.java:413)\r\n\tat org.testng.SuiteRunner.privateRun(SuiteRunner.java:373)\r\n\tat org.testng.SuiteRunner.run(SuiteRunner.java:312)\r\n\tat org.testng.SuiteRunnerWorker.runSuite(SuiteRunnerWorker.java:52)\r\n\tat org.testng.SuiteRunnerWorker.run(SuiteRunnerWorker.java:95)\r\n\tat org.testng.TestNG.runSuitesSequentially(TestNG.java:1274)\r\n\tat org.testng.TestNG.runSuitesLocally(TestNG.java:1208)\r\n\tat org.testng.TestNG.runSuites(TestNG.java:1112)\r\n\tat org.testng.TestNG.run(TestNG.java:1079)\r\n\tat com.intellij.rt.testng.IDEARemoteTestNG.run(IDEARemoteTestNG.java:65)\r\n\tat com.intellij.rt.testng.RemoteTestNGStarter.main(RemoteTestNGStarter.java:105)\r\n"},"stage":"finished","steps":[],"attachments":[],"parameters":[],"start":1724678398708,"stop":1724678398732}],"attachments":[],"parameters":[],"start":1724678372708,"stop":1724678398733}